<?xml version="1.0" encoding="UTF-8"?>
<!-- Generated by org.testng.reporters.JUnitXMLReporter -->
<testsuite ignored="0" hostname="LAPTOP-DG8G23UU" failures="1" tests="16" name="Test" time="63.523" errors="0" timestamp="2024-06-09T12:15:42 IST">
  <testcase classname="prashantbhakuni.Test.ChallengingDOMTest" name="challengingDom" time="1.545"/>
  <testcase classname="prashantbhakuni.Test.BasicAuthTest" name="basicAuth" time="0.596"/>
  <testcase classname="prashantbhakuni.Test.AddRemoveTest" name="addRemove" time="0.561"/>
  <testcase classname="prashantbhakuni.Test.CheckboxesTest" name="checkboxes" time="0.582"/>
  <testcase classname="prashantbhakuni.Test.BrokenImagesTest" name="brokenImages" time="0.737"/>
  <testcase classname="prashantbhakuni.Test.ContextMenuTest" name="contextMenu" time="0.52"/>
  <testcase classname="prashantbhakuni.Test.DigestAuthenticationTest" name="basicAuth" time="0.662"/>
  <testcase classname="prashantbhakuni.Test.DragAndDropTest" name="dragAndDrop" time="0.644"/>
  <testcase classname="prashantbhakuni.Test.DropdownTest" name="dropdownTest" time="0.588"/>
  <testcase classname="prashantbhakuni.Test.DisappearingElementsTest" name="disappearingElementsTest" time="1.003"/>
  <testcase classname="prashantbhakuni.Test.ExitIntentTest" name="exitIntentTest" time="1.517">
    <failure type="java.lang.AssertionError" message="expected [THIS IS A MODAL WINDOW] but found []">
      <![CDATA[java.lang.AssertionError: expected [THIS IS A MODAL WINDOW] but found []
at prashantbhakuni.Test.ExitIntentTest.exitIntentTest(ExitIntentTest.java:16)
at java.base/java.util.concurrent.Executors$RunnableAdapter.call(Executors.java:539)
at java.base/java.util.concurrent.FutureTask.run(FutureTask.java:264)
at java.base/java.util.concurrent.ThreadPoolExecutor.runWorker(ThreadPoolExecutor.java:1136)
at java.base/java.util.concurrent.ThreadPoolExecutor$Worker.run(ThreadPoolExecutor.java:635)
at java.base/java.lang.Thread.run(Thread.java:840)
... Removed 19 stack frames]]>
    </failure>
  </testcase> <!-- exitIntentTest -->
  <testcase classname="prashantbhakuni.Test.EntryAdTest" name="entryAd" time="3.014"/>
  <testcase classname="prashantbhakuni.Test.FileDownloadTest" name="fileDownload" time="4.752"/>
  <testcase classname="prashantbhakuni.Test.DynamicControlsTest" name="dynamicControls" time="12.876"/>
  <testcase classname="prashantbhakuni.Test.DynamicLoadingTest" name="loadingForExample1" time="11.293"/>
  <testcase classname="prashantbhakuni.Test.DynamicLoadingTest" name="loadingForExample2" time="20.722"/>
</testsuite> <!-- Test -->
