<html>
<head>
<title>TestNG:  Test</title>
<link href="../testng.css" rel="stylesheet" type="text/css" />
<link href="../my-testng.css" rel="stylesheet" type="text/css" />

<style type="text/css">
.log { display: none;} 
.stack-trace { display: none;} 
</style>
<script type="text/javascript">
<!--
function flip(e) {
  current = e.style.display;
  if (current == 'block') {
    e.style.display = 'none';
    return 0;
  }
  else {
    e.style.display = 'block';
    return 1;
  }
}

function toggleBox(szDivId, elem, msg1, msg2)
{
  var res = -1;  if (document.getElementById) {
    res = flip(document.getElementById(szDivId));
  }
  else if (document.all) {
    // this is the way old msie versions work
    res = flip(document.all[szDivId]);
  }
  if(elem) {
    if(res == 0) elem.innerHTML = msg1; else elem.innerHTML = msg2;
  }

}

function toggleAllBoxes() {
  if (document.getElementsByTagName) {
    d = document.getElementsByTagName('div');
    for (i = 0; i < d.length; i++) {
      if (d[i].className == 'log') {
        flip(d[i]);
      }
    }
  }
}

// -->
</script>

</head>
<body>
<h2 align='center'>Test</h2><table border='1' align="center">
<tr>
<td>Tests passed/Failed/Skipped:</td><td>15/1/0</td>
</tr><tr>
<td>Started on:</td><td>Sun Jun 09 12:14:38 IST 2024</td>
</tr>
<tr><td>Total time:</td><td>63 seconds (63523 ms)</td>
</tr><tr>
<td>Included groups:</td><td></td>
</tr><tr>
<td>Excluded groups:</td><td></td>
</tr>
</table><p/>
<small><i>(Hover the method name to see the test class name)</i></small><p/>
<table width='100%' border='1' class='invocation-failed'>
<tr><td colspan='4' align='center'><b>FAILED TESTS</b></td></tr>
<tr><td><b>Test method</b></td>
<td><b>Attribute(s)</b></td>
<td width="30%"><b>Exception</b></td>
<td width="10%"><b>Time (seconds)</b></td>
<td><b>Instance</b></td>
</tr>
<tr>
<td title='prashantbhakuni.Test.ExitIntentTest.exitIntentTest()'><b>exitIntentTest</b><br>Test class: prashantbhakuni.Test.ExitIntentTest</td>
<td><div><pre>java.lang.AssertionError: expected [THIS IS A MODAL WINDOW] but found []
	at prashantbhakuni.Test.ExitIntentTest.exitIntentTest(ExitIntentTest.java:16)
	at java.base/java.util.concurrent.Executors$RunnableAdapter.call(Executors.java:539)
	at java.base/java.util.concurrent.FutureTask.run(FutureTask.java:264)
	at java.base/java.util.concurrent.ThreadPoolExecutor.runWorker(ThreadPoolExecutor.java:1136)
	at java.base/java.util.concurrent.ThreadPoolExecutor$Worker.run(ThreadPoolExecutor.java:635)
	at java.base/java.lang.Thread.run(Thread.java:840)
... Removed 19 stack frames</pre></div><a href='#' onClick='toggleBox("stack-trace565407789", this, "Click to show all stack frames", "Click to hide stack frames")'>Click to show all stack frames</a>
<div class='stack-trace' id='stack-trace565407789'><pre>java.lang.AssertionError: expected [THIS IS A MODAL WINDOW] but found []
	at org.testng.Assert.fail(Assert.java:111)
	at org.testng.Assert.failNotEquals(Assert.java:1578)
	at org.testng.Assert.assertEqualsImpl(Assert.java:150)
	at org.testng.Assert.assertEquals(Assert.java:132)
	at org.testng.Assert.assertEquals(Assert.java:656)
	at org.testng.Assert.assertEquals(Assert.java:666)
	at prashantbhakuni.Test.ExitIntentTest.exitIntentTest(ExitIntentTest.java:16)
	at java.base/jdk.internal.reflect.NativeMethodAccessorImpl.invoke0(Native Method)
	at java.base/jdk.internal.reflect.NativeMethodAccessorImpl.invoke(NativeMethodAccessorImpl.java:77)
	at java.base/jdk.internal.reflect.DelegatingMethodAccessorImpl.invoke(DelegatingMethodAccessorImpl.java:43)
	at java.base/java.lang.reflect.Method.invoke(Method.java:568)
	at org.testng.internal.invokers.MethodInvocationHelper.invokeMethod(MethodInvocationHelper.java:141)
	at org.testng.internal.invokers.TestInvoker.invokeMethod(TestInvoker.java:686)
	at org.testng.internal.invokers.TestInvoker.invokeTestMethod(TestInvoker.java:230)
	at org.testng.internal.invokers.MethodRunner.runInSequence(MethodRunner.java:63)
	at org.testng.internal.invokers.TestInvoker$MethodInvocationAgent.invoke(TestInvoker.java:992)
	at org.testng.internal.invokers.TestInvoker.invokeTestMethods(TestInvoker.java:203)
	at org.testng.internal.invokers.TestMethodWorker.invokeTestMethods(TestMethodWorker.java:154)
	at org.testng.internal.invokers.TestMethodWorker.run(TestMethodWorker.java:134)
	at java.base/java.util.concurrent.Executors$RunnableAdapter.call(Executors.java:539)
	at java.base/java.util.concurrent.FutureTask.run(FutureTask.java:264)
	at org.testng.internal.thread.graph.TestNGFutureTask.run(TestNGFutureTask.java:22)
	at java.base/java.util.concurrent.ThreadPoolExecutor.runWorker(ThreadPoolExecutor.java:1136)
	at java.base/java.util.concurrent.ThreadPoolExecutor$Worker.run(ThreadPoolExecutor.java:635)
	at java.base/java.lang.Thread.run(Thread.java:840)
</pre></div></td>
<td>1</td>
<td>prashantbhakuni.Test.ExitIntentTest@2f1de2d6</td></tr>
</table><p>
<table width='100%' border='1' class='invocation-passed'>
<tr><td colspan='4' align='center'><b>PASSED TESTS</b></td></tr>
<tr><td><b>Test method</b></td>
<td><b>Attribute(s)</b></td>
<td width="30%"><b>Exception</b></td>
<td width="10%"><b>Time (seconds)</b></td>
<td><b>Instance</b></td>
</tr>
<tr>
<td title='prashantbhakuni.Test.AddRemoveTest.addRemove()'><b>addRemove</b><br>Test class: prashantbhakuni.Test.AddRemoveTest</td>
<td></td>
<td>0</td>
<td>prashantbhakuni.Test.AddRemoveTest@3c9c0d96</td></tr>
<tr>
<td title='prashantbhakuni.Test.DragAndDropTest.dragAndDrop()'><b>dragAndDrop</b><br>Test class: prashantbhakuni.Test.DragAndDropTest</td>
<td></td>
<td>0</td>
<td>prashantbhakuni.Test.DragAndDropTest@7776ab</td></tr>
<tr>
<td title='prashantbhakuni.Test.DropdownTest.dropdownTest()'><b>dropdownTest</b><br>Test class: prashantbhakuni.Test.DropdownTest</td>
<td></td>
<td>0</td>
<td>prashantbhakuni.Test.DropdownTest@79179359</td></tr>
<tr>
<td title='prashantbhakuni.Test.FileDownloadTest.fileDownload()'><b>fileDownload</b><br>Test class: prashantbhakuni.Test.FileDownloadTest</td>
<td></td>
<td>4</td>
<td>prashantbhakuni.Test.FileDownloadTest@4eb386df</td></tr>
<tr>
<td title='prashantbhakuni.Test.ChallengingDOMTest.challengingDom()'><b>challengingDom</b><br>Test class: prashantbhakuni.Test.ChallengingDOMTest</td>
<td></td>
<td>1</td>
<td>prashantbhakuni.Test.ChallengingDOMTest@74f5ce22</td></tr>
<tr>
<td title='prashantbhakuni.Test.BrokenImagesTest.brokenImages()'><b>brokenImages</b><br>Test class: prashantbhakuni.Test.BrokenImagesTest</td>
<td></td>
<td>0</td>
<td>prashantbhakuni.Test.BrokenImagesTest@6f3c660a</td></tr>
<tr>
<td title='prashantbhakuni.Test.EntryAdTest.entryAd()'><b>entryAd</b><br>Test class: prashantbhakuni.Test.EntryAdTest</td>
<td></td>
<td>3</td>
<td>prashantbhakuni.Test.EntryAdTest@6a55299e</td></tr>
<tr>
<td title='prashantbhakuni.Test.DynamicLoadingTest.loadingForExample2()'><b>loadingForExample2</b><br>Test class: prashantbhakuni.Test.DynamicLoadingTest</td>
<td></td>
<td>20</td>
<td>prashantbhakuni.Test.DynamicLoadingTest@51acdf2e</td></tr>
<tr>
<td title='prashantbhakuni.Test.DynamicControlsTest.dynamicControls()'><b>dynamicControls</b><br>Test class: prashantbhakuni.Test.DynamicControlsTest</td>
<td></td>
<td>12</td>
<td>prashantbhakuni.Test.DynamicControlsTest@dbd8e44</td></tr>
<tr>
<td title='prashantbhakuni.Test.DigestAuthenticationTest.basicAuth()'><b>basicAuth</b><br>Test class: prashantbhakuni.Test.DigestAuthenticationTest</td>
<td></td>
<td>0</td>
<td>prashantbhakuni.Test.DigestAuthenticationTest@1afdd473</td></tr>
<tr>
<td title='prashantbhakuni.Test.DynamicLoadingTest.loadingForExample1()'><b>loadingForExample1</b><br>Test class: prashantbhakuni.Test.DynamicLoadingTest</td>
<td></td>
<td>11</td>
<td>prashantbhakuni.Test.DynamicLoadingTest@51acdf2e</td></tr>
<tr>
<td title='prashantbhakuni.Test.CheckboxesTest.checkboxes()'><b>checkboxes</b><br>Test class: prashantbhakuni.Test.CheckboxesTest</td>
<td></td>
<td>0</td>
<td>prashantbhakuni.Test.CheckboxesTest@25aca718</td></tr>
<tr>
<td title='prashantbhakuni.Test.ContextMenuTest.contextMenu()'><b>contextMenu</b><br>Test class: prashantbhakuni.Test.ContextMenuTest</td>
<td></td>
<td>0</td>
<td>prashantbhakuni.Test.ContextMenuTest@16fdec90</td></tr>
<tr>
<td title='prashantbhakuni.Test.DisappearingElementsTest.disappearingElementsTest()'><b>disappearingElementsTest</b><br>Test class: prashantbhakuni.Test.DisappearingElementsTest</td>
<td></td>
<td>1</td>
<td>prashantbhakuni.Test.DisappearingElementsTest@40238dd0</td></tr>
<tr>
<td title='prashantbhakuni.Test.BasicAuthTest.basicAuth()'><b>basicAuth</b><br>Test class: prashantbhakuni.Test.BasicAuthTest</td>
<td></td>
<td>0</td>
<td>prashantbhakuni.Test.BasicAuthTest@460ebd80</td></tr>
</table><p>
</body>
</html>