<?xml version="1.0" encoding="UTF-8"?>
<!-- Generated by org.testng.reporters.JUnitXMLReporter -->
<testsuite ignored="0" hostname="LAPTOP-DG8G23UU" failures="1" tests="15" name="Test" time="69.416" errors="0" timestamp="2024-06-09T08:18:56 IST">
  <testcase classname="prashantbhakuni.Test.BrokenImagesTest" name="brokenImages" time="0.671"/>
  <testcase classname="prashantbhakuni.Test.CheckboxesTest" name="checkboxes" time="0.725"/>
  <testcase classname="prashantbhakuni.Test.AddRemoveTest" name="addRemove" time="1.048"/>
  <testcase classname="prashantbhakuni.Test.ChallengingDOMTest" name="challengingDom" time="2.166"/>
  <testcase classname="prashantbhakuni.Test.BasicAuthTest" name="basicAuth" time="3.129"/>
  <testcase classname="prashantbhakuni.Test.ContextMenuTest" name="contextMenu" time="1.082"/>
  <testcase classname="prashantbhakuni.Test.DragAndDropTest" name="dragAndDrop" time="0.723"/>
  <testcase classname="prashantbhakuni.Test.DigestAuthenticationTest" name="basicAuth" time="3.138"/>
  <testcase classname="prashantbhakuni.Test.DropdownTest" name="dropdownTest" time="0.915"/>
  <testcase classname="prashantbhakuni.Test.ExitIntentTest" name="exitIntentTest" time="0.701">
    <failure type="java.lang.AssertionError" message="expected [THIS IS A MODAL WINDOW] but found []">
      <![CDATA[java.lang.AssertionError: expected [THIS IS A MODAL WINDOW] but found []
at prashantbhakuni.Test.ExitIntentTest.exitIntentTest(ExitIntentTest.java:16)
at java.base/java.util.concurrent.Executors$RunnableAdapter.call(Executors.java:572)
at java.base/java.util.concurrent.FutureTask.run(FutureTask.java:317)
at java.base/java.util.concurrent.ThreadPoolExecutor.runWorker(ThreadPoolExecutor.java:1144)
at java.base/java.util.concurrent.ThreadPoolExecutor$Worker.run(ThreadPoolExecutor.java:642)
at java.base/java.lang.Thread.run(Thread.java:1583)
... Removed 17 stack frames]]>
    </failure>
  </testcase> <!-- exitIntentTest -->
  <testcase classname="prashantbhakuni.Test.EntryAdTest" name="entryAd" time="2.686"/>
  <testcase classname="prashantbhakuni.Test.DisappearingElementsTest" name="disappearingElementsTest" time="18.769"/>
  <testcase classname="prashantbhakuni.Test.DynamicLoadingTest" name="loadingForExample1" time="11.044"/>
  <testcase classname="prashantbhakuni.Test.DynamicControlsTest" name="dynamicControls" time="13.257"/>
  <testcase classname="prashantbhakuni.Test.DynamicLoadingTest" name="loadingForExample2" time="21.168"/>
</testsuite> <!-- Test -->
