<?xml version="1.0" encoding="UTF-8"?>
<testng-results ignored="0" total="15" passed="14" failed="1" skipped="0">
  <reporter-output>
  </reporter-output>
  <suite started-at="2024-06-09T08:17:46 IST" name="Suite" finished-at="2024-06-09T08:18:56 IST" duration-ms="69416">
    <groups>
    </groups>
    <test started-at="2024-06-09T08:17:46 IST" name="Test" finished-at="2024-06-09T08:18:56 IST" duration-ms="69416">
      <class name="prashantbhakuni.Test.AddRemoveTest">
        <test-method is-config="true" signature="launchWebsite()[pri:0, instance:prashantbhakuni.Test.AddRemoveTest@44ebcd03]" started-at="2024-06-09T08:17:47 IST" name="launchWebsite" finished-at="2024-06-09T08:17:57 IST" duration-ms="10369" status="PASS">
          <reporter-output>
          </reporter-output>
        </test-method> <!-- launchWebsite -->
        <test-method signature="addRemove()[pri:0, instance:prashantbhakuni.Test.AddRemoveTest@44ebcd03]" started-at="2024-06-09T08:17:57 IST" name="addRemove" finished-at="2024-06-09T08:17:58 IST" duration-ms="1048" status="PASS">
          <reporter-output>
          </reporter-output>
        </test-method> <!-- addRemove -->
        <test-method is-config="true" signature="tearDown()[pri:0, instance:prashantbhakuni.Test.AddRemoveTest@44ebcd03]" started-at="2024-06-09T08:17:58 IST" name="tearDown" finished-at="2024-06-09T08:17:59 IST" duration-ms="890" status="PASS">
          <reporter-output>
          </reporter-output>
        </test-method> <!-- tearDown -->
      </class> <!-- prashantbhakuni.Test.AddRemoveTest -->
      <class name="prashantbhakuni.Test.DynamicLoadingTest">
        <test-method is-config="true" signature="launchWebsite()[pri:0, instance:prashantbhakuni.Test.DynamicLoadingTest@4efbca5a]" started-at="2024-06-09T08:18:09 IST" name="launchWebsite" finished-at="2024-06-09T08:18:16 IST" duration-ms="6780" status="PASS">
          <reporter-output>
          </reporter-output>
        </test-method> <!-- launchWebsite -->
        <test-method signature="loadingForExample1()[pri:0, instance:prashantbhakuni.Test.DynamicLoadingTest@4efbca5a]" started-at="2024-06-09T08:18:16 IST" name="loadingForExample1" finished-at="2024-06-09T08:18:27 IST" duration-ms="11044" status="PASS">
          <reporter-output>
          </reporter-output>
        </test-method> <!-- loadingForExample1 -->
        <test-method is-config="true" signature="tearDown()[pri:0, instance:prashantbhakuni.Test.DynamicLoadingTest@4efbca5a]" started-at="2024-06-09T08:18:27 IST" name="tearDown" finished-at="2024-06-09T08:18:28 IST" duration-ms="575" status="PASS">
          <reporter-output>
          </reporter-output>
        </test-method> <!-- tearDown -->
        <test-method is-config="true" signature="launchWebsite()[pri:0, instance:prashantbhakuni.Test.DynamicLoadingTest@4efbca5a]" started-at="2024-06-09T08:18:28 IST" name="launchWebsite" finished-at="2024-06-09T08:18:34 IST" duration-ms="6432" status="PASS">
          <reporter-output>
          </reporter-output>
        </test-method> <!-- launchWebsite -->
        <test-method signature="loadingForExample2()[pri:0, instance:prashantbhakuni.Test.DynamicLoadingTest@4efbca5a]" started-at="2024-06-09T08:18:34 IST" name="loadingForExample2" finished-at="2024-06-09T08:18:55 IST" duration-ms="21168" status="PASS">
          <reporter-output>
          </reporter-output>
        </test-method> <!-- loadingForExample2 -->
        <test-method is-config="true" signature="tearDown()[pri:0, instance:prashantbhakuni.Test.DynamicLoadingTest@4efbca5a]" started-at="2024-06-09T08:18:55 IST" name="tearDown" finished-at="2024-06-09T08:18:56 IST" duration-ms="707" status="PASS">
          <reporter-output>
          </reporter-output>
        </test-method> <!-- tearDown -->
      </class> <!-- prashantbhakuni.Test.DynamicLoadingTest -->
      <class name="prashantbhakuni.Test.DigestAuthenticationTest">
        <test-method is-config="true" signature="launchWebsite()[pri:0, instance:prashantbhakuni.Test.DigestAuthenticationTest@4ec4f3a0]" started-at="2024-06-09T08:17:58 IST" name="launchWebsite" finished-at="2024-06-09T08:18:06 IST" duration-ms="8237" status="PASS">
          <reporter-output>
          </reporter-output>
        </test-method> <!-- launchWebsite -->
        <test-method signature="basicAuth()[pri:0, instance:prashantbhakuni.Test.DigestAuthenticationTest@4ec4f3a0]" started-at="2024-06-09T08:18:06 IST" name="basicAuth" finished-at="2024-06-09T08:18:09 IST" duration-ms="3138" status="PASS">
          <reporter-output>
          </reporter-output>
        </test-method> <!-- basicAuth -->
        <test-method is-config="true" signature="tearDown()[pri:0, instance:prashantbhakuni.Test.DigestAuthenticationTest@4ec4f3a0]" started-at="2024-06-09T08:18:09 IST" name="tearDown" finished-at="2024-06-09T08:18:10 IST" duration-ms="715" status="PASS">
          <reporter-output>
          </reporter-output>
        </test-method> <!-- tearDown -->
      </class> <!-- prashantbhakuni.Test.DigestAuthenticationTest -->
      <class name="prashantbhakuni.Test.DropdownTest">
        <test-method is-config="true" signature="launchWebsite()[pri:0, instance:prashantbhakuni.Test.DropdownTest@9597028]" started-at="2024-06-09T08:18:00 IST" name="launchWebsite" finished-at="2024-06-09T08:18:09 IST" duration-ms="8258" status="PASS">
          <reporter-output>
          </reporter-output>
        </test-method> <!-- launchWebsite -->
        <test-method signature="dropdownTest()[pri:0, instance:prashantbhakuni.Test.DropdownTest@9597028]" started-at="2024-06-09T08:18:09 IST" name="dropdownTest" finished-at="2024-06-09T08:18:09 IST" duration-ms="915" status="PASS">
          <reporter-output>
          </reporter-output>
        </test-method> <!-- dropdownTest -->
        <test-method is-config="true" signature="tearDown()[pri:0, instance:prashantbhakuni.Test.DropdownTest@9597028]" started-at="2024-06-09T08:18:09 IST" name="tearDown" finished-at="2024-06-09T08:18:11 IST" duration-ms="1101" status="PASS">
          <reporter-output>
          </reporter-output>
        </test-method> <!-- tearDown -->
      </class> <!-- prashantbhakuni.Test.DropdownTest -->
      <class name="prashantbhakuni.Test.ContextMenuTest">
        <test-method is-config="true" signature="launchWebsite()[pri:0, instance:prashantbhakuni.Test.ContextMenuTest@4550bb58]" started-at="2024-06-09T08:17:58 IST" name="launchWebsite" finished-at="2024-06-09T08:18:06 IST" duration-ms="7854" status="PASS">
          <reporter-output>
          </reporter-output>
        </test-method> <!-- launchWebsite -->
        <test-method signature="contextMenu()[pri:0, instance:prashantbhakuni.Test.ContextMenuTest@4550bb58]" started-at="2024-06-09T08:18:06 IST" name="contextMenu" finished-at="2024-06-09T08:18:07 IST" duration-ms="1082" status="PASS">
          <reporter-output>
          </reporter-output>
        </test-method> <!-- contextMenu -->
        <test-method is-config="true" signature="tearDown()[pri:0, instance:prashantbhakuni.Test.ContextMenuTest@4550bb58]" started-at="2024-06-09T08:18:07 IST" name="tearDown" finished-at="2024-06-09T08:18:08 IST" duration-ms="884" status="PASS">
          <reporter-output>
          </reporter-output>
        </test-method> <!-- tearDown -->
      </class> <!-- prashantbhakuni.Test.ContextMenuTest -->
      <class name="prashantbhakuni.Test.DragAndDropTest">
        <test-method is-config="true" signature="launchWebsite()[pri:0, instance:prashantbhakuni.Test.DragAndDropTest@49139829]" started-at="2024-06-09T08:17:59 IST" name="launchWebsite" finished-at="2024-06-09T08:18:08 IST" duration-ms="8257" status="PASS">
          <reporter-output>
          </reporter-output>
        </test-method> <!-- launchWebsite -->
        <test-method signature="dragAndDrop()[pri:0, instance:prashantbhakuni.Test.DragAndDropTest@49139829]" started-at="2024-06-09T08:18:08 IST" name="dragAndDrop" finished-at="2024-06-09T08:18:08 IST" duration-ms="723" status="PASS">
          <reporter-output>
          </reporter-output>
        </test-method> <!-- dragAndDrop -->
        <test-method is-config="true" signature="tearDown()[pri:0, instance:prashantbhakuni.Test.DragAndDropTest@49139829]" started-at="2024-06-09T08:18:08 IST" name="tearDown" finished-at="2024-06-09T08:18:09 IST" duration-ms="873" status="PASS">
          <reporter-output>
          </reporter-output>
        </test-method> <!-- tearDown -->
      </class> <!-- prashantbhakuni.Test.DragAndDropTest -->
      <class name="prashantbhakuni.Test.DynamicControlsTest">
        <test-method is-config="true" signature="launchWebsite()[pri:0, instance:prashantbhakuni.Test.DynamicControlsTest@6069db50]" started-at="2024-06-09T08:18:08 IST" name="launchWebsite" finished-at="2024-06-09T08:18:15 IST" duration-ms="6813" status="PASS">
          <reporter-output>
          </reporter-output>
        </test-method> <!-- launchWebsite -->
        <test-method signature="dynamicControls()[pri:0, instance:prashantbhakuni.Test.DynamicControlsTest@6069db50]" started-at="2024-06-09T08:18:15 IST" name="dynamicControls" finished-at="2024-06-09T08:18:28 IST" duration-ms="13257" status="PASS">
          <reporter-output>
          </reporter-output>
        </test-method> <!-- dynamicControls -->
        <test-method is-config="true" signature="tearDown()[pri:0, instance:prashantbhakuni.Test.DynamicControlsTest@6069db50]" started-at="2024-06-09T08:18:28 IST" name="tearDown" finished-at="2024-06-09T08:18:29 IST" duration-ms="795" status="PASS">
          <reporter-output>
          </reporter-output>
        </test-method> <!-- tearDown -->
      </class> <!-- prashantbhakuni.Test.DynamicControlsTest -->
      <class name="prashantbhakuni.Test.ExitIntentTest">
        <test-method is-config="true" signature="launchWebsite()[pri:0, instance:prashantbhakuni.Test.ExitIntentTest@59662a0b]" started-at="2024-06-09T08:18:11 IST" name="launchWebsite" finished-at="2024-06-09T08:18:18 IST" duration-ms="6987" status="PASS">
          <reporter-output>
          </reporter-output>
        </test-method> <!-- launchWebsite -->
        <test-method signature="exitIntentTest()[pri:0, instance:prashantbhakuni.Test.ExitIntentTest@59662a0b]" started-at="2024-06-09T08:18:18 IST" name="exitIntentTest" finished-at="2024-06-09T08:18:18 IST" duration-ms="701" status="FAIL">
          <exception class="java.lang.AssertionError">
            <message>
              <![CDATA[expected [THIS IS A MODAL WINDOW] but found []]]>
            </message>
            <full-stacktrace>
              <![CDATA[java.lang.AssertionError: expected [THIS IS A MODAL WINDOW] but found []
at org.testng.Assert.fail(Assert.java:111)
at org.testng.Assert.failNotEquals(Assert.java:1578)
at org.testng.Assert.assertEqualsImpl(Assert.java:150)
at org.testng.Assert.assertEquals(Assert.java:132)
at org.testng.Assert.assertEquals(Assert.java:656)
at org.testng.Assert.assertEquals(Assert.java:666)
at prashantbhakuni.Test.ExitIntentTest.exitIntentTest(ExitIntentTest.java:16)
at java.base/jdk.internal.reflect.DirectMethodHandleAccessor.invoke(DirectMethodHandleAccessor.java:103)
at java.base/java.lang.reflect.Method.invoke(Method.java:580)
at org.testng.internal.invokers.MethodInvocationHelper.invokeMethod(MethodInvocationHelper.java:141)
at org.testng.internal.invokers.TestInvoker.invokeMethod(TestInvoker.java:686)
at org.testng.internal.invokers.TestInvoker.invokeTestMethod(TestInvoker.java:230)
at org.testng.internal.invokers.MethodRunner.runInSequence(MethodRunner.java:63)
at org.testng.internal.invokers.TestInvoker$MethodInvocationAgent.invoke(TestInvoker.java:992)
at org.testng.internal.invokers.TestInvoker.invokeTestMethods(TestInvoker.java:203)
at org.testng.internal.invokers.TestMethodWorker.invokeTestMethods(TestMethodWorker.java:154)
at org.testng.internal.invokers.TestMethodWorker.run(TestMethodWorker.java:134)
at java.base/java.util.concurrent.Executors$RunnableAdapter.call(Executors.java:572)
at java.base/java.util.concurrent.FutureTask.run(FutureTask.java:317)
at org.testng.internal.thread.graph.TestNGFutureTask.run(TestNGFutureTask.java:22)
at java.base/java.util.concurrent.ThreadPoolExecutor.runWorker(ThreadPoolExecutor.java:1144)
at java.base/java.util.concurrent.ThreadPoolExecutor$Worker.run(ThreadPoolExecutor.java:642)
at java.base/java.lang.Thread.run(Thread.java:1583)
]]>
            </full-stacktrace>
          </exception> <!-- java.lang.AssertionError -->
          <reporter-output>
          </reporter-output>
        </test-method> <!-- exitIntentTest -->
        <test-method is-config="true" signature="tearDown()[pri:0, instance:prashantbhakuni.Test.ExitIntentTest@59662a0b]" started-at="2024-06-09T08:18:18 IST" name="tearDown" finished-at="2024-06-09T08:18:19 IST" duration-ms="742" status="PASS">
          <reporter-output>
          </reporter-output>
        </test-method> <!-- tearDown -->
      </class> <!-- prashantbhakuni.Test.ExitIntentTest -->
      <class name="prashantbhakuni.Test.EntryAdTest">
        <test-method is-config="true" signature="launchWebsite()[pri:0, instance:prashantbhakuni.Test.EntryAdTest@1b7cc17c]" started-at="2024-06-09T08:18:10 IST" name="launchWebsite" finished-at="2024-06-09T08:18:17 IST" duration-ms="7290" status="PASS">
          <reporter-output>
          </reporter-output>
        </test-method> <!-- launchWebsite -->
        <test-method signature="entryAd()[pri:0, instance:prashantbhakuni.Test.EntryAdTest@1b7cc17c]" started-at="2024-06-09T08:18:17 IST" name="entryAd" finished-at="2024-06-09T08:18:20 IST" duration-ms="2686" status="PASS">
          <reporter-output>
          </reporter-output>
        </test-method> <!-- entryAd -->
        <test-method is-config="true" signature="tearDown()[pri:0, instance:prashantbhakuni.Test.EntryAdTest@1b7cc17c]" started-at="2024-06-09T08:18:20 IST" name="tearDown" finished-at="2024-06-09T08:18:21 IST" duration-ms="602" status="PASS">
          <reporter-output>
          </reporter-output>
        </test-method> <!-- tearDown -->
      </class> <!-- prashantbhakuni.Test.EntryAdTest -->
      <class name="prashantbhakuni.Test.BasicAuthTest">
        <test-method is-config="true" signature="launchWebsite()[pri:0, instance:prashantbhakuni.Test.BasicAuthTest@5c33f1a9]" started-at="2024-06-09T08:17:47 IST" name="launchWebsite" finished-at="2024-06-09T08:17:56 IST" duration-ms="9827" status="PASS">
          <reporter-output>
          </reporter-output>
        </test-method> <!-- launchWebsite -->
        <test-method signature="basicAuth()[pri:0, instance:prashantbhakuni.Test.BasicAuthTest@5c33f1a9]" started-at="2024-06-09T08:17:56 IST" name="basicAuth" finished-at="2024-06-09T08:17:59 IST" duration-ms="3129" status="PASS">
          <reporter-output>
          </reporter-output>
        </test-method> <!-- basicAuth -->
        <test-method is-config="true" signature="tearDown()[pri:0, instance:prashantbhakuni.Test.BasicAuthTest@5c33f1a9]" started-at="2024-06-09T08:17:59 IST" name="tearDown" finished-at="2024-06-09T08:18:00 IST" duration-ms="848" status="PASS">
          <reporter-output>
          </reporter-output>
        </test-method> <!-- tearDown -->
      </class> <!-- prashantbhakuni.Test.BasicAuthTest -->
      <class name="prashantbhakuni.Test.CheckboxesTest">
        <test-method is-config="true" signature="launchWebsite()[pri:0, instance:prashantbhakuni.Test.CheckboxesTest@6adbc9d]" started-at="2024-06-09T08:17:47 IST" name="launchWebsite" finished-at="2024-06-09T08:17:56 IST" duration-ms="9789" status="PASS">
          <reporter-output>
          </reporter-output>
        </test-method> <!-- launchWebsite -->
        <test-method signature="checkboxes()[pri:0, instance:prashantbhakuni.Test.CheckboxesTest@6adbc9d]" started-at="2024-06-09T08:17:56 IST" name="checkboxes" finished-at="2024-06-09T08:17:57 IST" duration-ms="725" status="PASS">
          <reporter-output>
          </reporter-output>
        </test-method> <!-- checkboxes -->
        <test-method is-config="true" signature="tearDown()[pri:0, instance:prashantbhakuni.Test.CheckboxesTest@6adbc9d]" started-at="2024-06-09T08:17:57 IST" name="tearDown" finished-at="2024-06-09T08:17:58 IST" duration-ms="888" status="PASS">
          <reporter-output>
          </reporter-output>
        </test-method> <!-- tearDown -->
      </class> <!-- prashantbhakuni.Test.CheckboxesTest -->
      <class name="prashantbhakuni.Test.ChallengingDOMTest">
        <test-method is-config="true" signature="launchWebsite()[pri:0, instance:prashantbhakuni.Test.ChallengingDOMTest@c8c12ac]" started-at="2024-06-09T08:17:47 IST" name="launchWebsite" finished-at="2024-06-09T08:17:56 IST" duration-ms="9441" status="PASS">
          <reporter-output>
          </reporter-output>
        </test-method> <!-- launchWebsite -->
        <test-method signature="challengingDom()[pri:0, instance:prashantbhakuni.Test.ChallengingDOMTest@c8c12ac]" started-at="2024-06-09T08:17:56 IST" name="challengingDom" finished-at="2024-06-09T08:17:58 IST" duration-ms="2166" status="PASS">
          <reporter-output>
          </reporter-output>
        </test-method> <!-- challengingDom -->
        <test-method is-config="true" signature="tearDown()[pri:0, instance:prashantbhakuni.Test.ChallengingDOMTest@c8c12ac]" started-at="2024-06-09T08:17:58 IST" name="tearDown" finished-at="2024-06-09T08:17:59 IST" duration-ms="1191" status="PASS">
          <reporter-output>
          </reporter-output>
        </test-method> <!-- tearDown -->
      </class> <!-- prashantbhakuni.Test.ChallengingDOMTest -->
      <class name="prashantbhakuni.Test.BrokenImagesTest">
        <test-method is-config="true" signature="launchWebsite()[pri:0, instance:prashantbhakuni.Test.BrokenImagesTest@1623b78d]" started-at="2024-06-09T08:17:47 IST" name="launchWebsite" finished-at="2024-06-09T08:17:56 IST" duration-ms="9495" status="PASS">
          <reporter-output>
          </reporter-output>
        </test-method> <!-- launchWebsite -->
        <test-method signature="brokenImages()[pri:0, instance:prashantbhakuni.Test.BrokenImagesTest@1623b78d]" started-at="2024-06-09T08:17:56 IST" name="brokenImages" finished-at="2024-06-09T08:17:57 IST" duration-ms="671" status="PASS">
          <reporter-output>
          </reporter-output>
        </test-method> <!-- brokenImages -->
        <test-method is-config="true" signature="tearDown()[pri:0, instance:prashantbhakuni.Test.BrokenImagesTest@1623b78d]" started-at="2024-06-09T08:17:57 IST" name="tearDown" finished-at="2024-06-09T08:17:58 IST" duration-ms="1208" status="PASS">
          <reporter-output>
          </reporter-output>
        </test-method> <!-- tearDown -->
      </class> <!-- prashantbhakuni.Test.BrokenImagesTest -->
      <class name="prashantbhakuni.Test.DisappearingElementsTest">
        <test-method is-config="true" signature="launchWebsite()[pri:0, instance:prashantbhakuni.Test.DisappearingElementsTest@223191a6]" started-at="2024-06-09T08:17:59 IST" name="launchWebsite" finished-at="2024-06-09T08:18:07 IST" duration-ms="8206" status="PASS">
          <reporter-output>
          </reporter-output>
        </test-method> <!-- launchWebsite -->
        <test-method signature="disappearingElementsTest()[pri:0, instance:prashantbhakuni.Test.DisappearingElementsTest@223191a6]" started-at="2024-06-09T08:18:07 IST" name="disappearingElementsTest" finished-at="2024-06-09T08:18:26 IST" duration-ms="18769" status="PASS">
          <reporter-output>
          </reporter-output>
        </test-method> <!-- disappearingElementsTest -->
        <test-method is-config="true" signature="tearDown()[pri:0, instance:prashantbhakuni.Test.DisappearingElementsTest@223191a6]" started-at="2024-06-09T08:18:26 IST" name="tearDown" finished-at="2024-06-09T08:18:26 IST" duration-ms="708" status="PASS">
          <reporter-output>
          </reporter-output>
        </test-method> <!-- tearDown -->
      </class> <!-- prashantbhakuni.Test.DisappearingElementsTest -->
    </test> <!-- Test -->
  </suite> <!-- Suite -->
</testng-results>
