<?xml version="1.0" encoding="UTF-8"?>
<testng-results ignored="0" total="16" passed="15" failed="1" skipped="0">
  <reporter-output>
  </reporter-output>
  <suite started-at="2024-06-09T09:56:41 IST" name="Suite" finished-at="2024-06-09T09:57:40 IST" duration-ms="58368">
    <groups>
    </groups>
    <test started-at="2024-06-09T09:56:41 IST" name="Test" finished-at="2024-06-09T09:57:40 IST" duration-ms="58368">
      <class name="prashantbhakuni.Test.FileDownloadTest">
        <test-method is-config="true" signature="launchWebsite()[pri:0, instance:prashantbhakuni.Test.FileDownloadTest@5524cca1]" started-at="2024-06-09T09:56:58 IST" name="launchWebsite" finished-at="2024-06-09T09:57:04 IST" duration-ms="5529" status="PASS">
          <reporter-output>
          </reporter-output>
        </test-method> <!-- launchWebsite -->
        <test-method signature="fileDownload()[pri:0, instance:prashantbhakuni.Test.FileDownloadTest@5524cca1]" started-at="2024-06-09T09:57:04 IST" name="fileDownload" finished-at="2024-06-09T09:57:08 IST" duration-ms="3769" status="PASS">
          <reporter-output>
          </reporter-output>
        </test-method> <!-- fileDownload -->
        <test-method is-config="true" signature="tearDown()[pri:0, instance:prashantbhakuni.Test.FileDownloadTest@5524cca1]" started-at="2024-06-09T09:57:08 IST" name="tearDown" finished-at="2024-06-09T09:57:09 IST" duration-ms="1319" status="PASS">
          <reporter-output>
          </reporter-output>
        </test-method> <!-- tearDown -->
      </class> <!-- prashantbhakuni.Test.FileDownloadTest -->
      <class name="prashantbhakuni.Test.AddRemoveTest">
        <test-method is-config="true" signature="launchWebsite()[pri:0, instance:prashantbhakuni.Test.AddRemoveTest@69e153c5]" started-at="2024-06-09T09:56:41 IST" name="launchWebsite" finished-at="2024-06-09T09:56:48 IST" duration-ms="6319" status="PASS">
          <reporter-output>
          </reporter-output>
        </test-method> <!-- launchWebsite -->
        <test-method signature="addRemove()[pri:0, instance:prashantbhakuni.Test.AddRemoveTest@69e153c5]" started-at="2024-06-09T09:56:48 IST" name="addRemove" finished-at="2024-06-09T09:56:48 IST" duration-ms="547" status="PASS">
          <reporter-output>
          </reporter-output>
        </test-method> <!-- addRemove -->
        <test-method is-config="true" signature="tearDown()[pri:0, instance:prashantbhakuni.Test.AddRemoveTest@69e153c5]" started-at="2024-06-09T09:56:48 IST" name="tearDown" finished-at="2024-06-09T09:56:49 IST" duration-ms="1218" status="PASS">
          <reporter-output>
          </reporter-output>
        </test-method> <!-- tearDown -->
      </class> <!-- prashantbhakuni.Test.AddRemoveTest -->
      <class name="prashantbhakuni.Test.DynamicLoadingTest">
        <test-method is-config="true" signature="launchWebsite()[pri:0, instance:prashantbhakuni.Test.DynamicLoadingTest@273444fe]" started-at="2024-06-09T09:56:57 IST" name="launchWebsite" finished-at="2024-06-09T09:57:02 IST" duration-ms="5412" status="PASS">
          <reporter-output>
          </reporter-output>
        </test-method> <!-- launchWebsite -->
        <test-method signature="loadingForExample1()[pri:0, instance:prashantbhakuni.Test.DynamicLoadingTest@273444fe]" started-at="2024-06-09T09:57:02 IST" name="loadingForExample1" finished-at="2024-06-09T09:57:13 IST" duration-ms="10784" status="PASS">
          <reporter-output>
          </reporter-output>
        </test-method> <!-- loadingForExample1 -->
        <test-method is-config="true" signature="tearDown()[pri:0, instance:prashantbhakuni.Test.DynamicLoadingTest@273444fe]" started-at="2024-06-09T09:57:13 IST" name="tearDown" finished-at="2024-06-09T09:57:14 IST" duration-ms="1225" status="PASS">
          <reporter-output>
          </reporter-output>
        </test-method> <!-- tearDown -->
        <test-method is-config="true" signature="launchWebsite()[pri:0, instance:prashantbhakuni.Test.DynamicLoadingTest@273444fe]" started-at="2024-06-09T09:57:14 IST" name="launchWebsite" finished-at="2024-06-09T09:57:18 IST" duration-ms="3601" status="PASS">
          <reporter-output>
          </reporter-output>
        </test-method> <!-- launchWebsite -->
        <test-method signature="loadingForExample2()[pri:0, instance:prashantbhakuni.Test.DynamicLoadingTest@273444fe]" started-at="2024-06-09T09:57:18 IST" name="loadingForExample2" finished-at="2024-06-09T09:57:38 IST" duration-ms="20742" status="PASS">
          <reporter-output>
          </reporter-output>
        </test-method> <!-- loadingForExample2 -->
        <test-method is-config="true" signature="tearDown()[pri:0, instance:prashantbhakuni.Test.DynamicLoadingTest@273444fe]" started-at="2024-06-09T09:57:38 IST" name="tearDown" finished-at="2024-06-09T09:57:40 IST" duration-ms="1223" status="PASS">
          <reporter-output>
          </reporter-output>
        </test-method> <!-- tearDown -->
      </class> <!-- prashantbhakuni.Test.DynamicLoadingTest -->
      <class name="prashantbhakuni.Test.DigestAuthenticationTest">
        <test-method is-config="true" signature="launchWebsite()[pri:0, instance:prashantbhakuni.Test.DigestAuthenticationTest@5b218417]" started-at="2024-06-09T09:56:49 IST" name="launchWebsite" finished-at="2024-06-09T09:56:55 IST" duration-ms="5621" status="PASS">
          <reporter-output>
          </reporter-output>
        </test-method> <!-- launchWebsite -->
        <test-method signature="basicAuth()[pri:0, instance:prashantbhakuni.Test.DigestAuthenticationTest@5b218417]" started-at="2024-06-09T09:56:55 IST" name="basicAuth" finished-at="2024-06-09T09:56:55 IST" duration-ms="601" status="PASS">
          <reporter-output>
          </reporter-output>
        </test-method> <!-- basicAuth -->
        <test-method is-config="true" signature="tearDown()[pri:0, instance:prashantbhakuni.Test.DigestAuthenticationTest@5b218417]" started-at="2024-06-09T09:56:55 IST" name="tearDown" finished-at="2024-06-09T09:56:57 IST" duration-ms="1204" status="PASS">
          <reporter-output>
          </reporter-output>
        </test-method> <!-- tearDown -->
      </class> <!-- prashantbhakuni.Test.DigestAuthenticationTest -->
      <class name="prashantbhakuni.Test.DropdownTest">
        <test-method is-config="true" signature="launchWebsite()[pri:0, instance:prashantbhakuni.Test.DropdownTest@413d1baf]" started-at="2024-06-09T09:56:51 IST" name="launchWebsite" finished-at="2024-06-09T09:56:57 IST" duration-ms="5512" status="PASS">
          <reporter-output>
          </reporter-output>
        </test-method> <!-- launchWebsite -->
        <test-method signature="dropdownTest()[pri:0, instance:prashantbhakuni.Test.DropdownTest@413d1baf]" started-at="2024-06-09T09:56:57 IST" name="dropdownTest" finished-at="2024-06-09T09:56:57 IST" duration-ms="432" status="PASS">
          <reporter-output>
          </reporter-output>
        </test-method> <!-- dropdownTest -->
        <test-method is-config="true" signature="tearDown()[pri:0, instance:prashantbhakuni.Test.DropdownTest@413d1baf]" started-at="2024-06-09T09:56:57 IST" name="tearDown" finished-at="2024-06-09T09:56:58 IST" duration-ms="1191" status="PASS">
          <reporter-output>
          </reporter-output>
        </test-method> <!-- tearDown -->
      </class> <!-- prashantbhakuni.Test.DropdownTest -->
      <class name="prashantbhakuni.Test.ContextMenuTest">
        <test-method is-config="true" signature="launchWebsite()[pri:0, instance:prashantbhakuni.Test.ContextMenuTest@cc43f62]" started-at="2024-06-09T09:56:48 IST" name="launchWebsite" finished-at="2024-06-09T09:56:52 IST" duration-ms="3894" status="PASS">
          <reporter-output>
          </reporter-output>
        </test-method> <!-- launchWebsite -->
        <test-method signature="contextMenu()[pri:0, instance:prashantbhakuni.Test.ContextMenuTest@cc43f62]" started-at="2024-06-09T09:56:52 IST" name="contextMenu" finished-at="2024-06-09T09:56:52 IST" duration-ms="673" status="PASS">
          <reporter-output>
          </reporter-output>
        </test-method> <!-- contextMenu -->
        <test-method is-config="true" signature="tearDown()[pri:0, instance:prashantbhakuni.Test.ContextMenuTest@cc43f62]" started-at="2024-06-09T09:56:52 IST" name="tearDown" finished-at="2024-06-09T09:56:53 IST" duration-ms="1200" status="PASS">
          <reporter-output>
          </reporter-output>
        </test-method> <!-- tearDown -->
      </class> <!-- prashantbhakuni.Test.ContextMenuTest -->
      <class name="prashantbhakuni.Test.DragAndDropTest">
        <test-method is-config="true" signature="launchWebsite()[pri:0, instance:prashantbhakuni.Test.DragAndDropTest@6caf0677]" started-at="2024-06-09T09:56:50 IST" name="launchWebsite" finished-at="2024-06-09T09:56:55 IST" duration-ms="5513" status="PASS">
          <reporter-output>
          </reporter-output>
        </test-method> <!-- launchWebsite -->
        <test-method signature="dragAndDrop()[pri:0, instance:prashantbhakuni.Test.DragAndDropTest@6caf0677]" started-at="2024-06-09T09:56:55 IST" name="dragAndDrop" finished-at="2024-06-09T09:56:56 IST" duration-ms="658" status="PASS">
          <reporter-output>
          </reporter-output>
        </test-method> <!-- dragAndDrop -->
        <test-method is-config="true" signature="tearDown()[pri:0, instance:prashantbhakuni.Test.DragAndDropTest@6caf0677]" started-at="2024-06-09T09:56:56 IST" name="tearDown" finished-at="2024-06-09T09:56:57 IST" duration-ms="1191" status="PASS">
          <reporter-output>
          </reporter-output>
        </test-method> <!-- tearDown -->
      </class> <!-- prashantbhakuni.Test.DragAndDropTest -->
      <class name="prashantbhakuni.Test.DynamicControlsTest">
        <test-method is-config="true" signature="launchWebsite()[pri:0, instance:prashantbhakuni.Test.DynamicControlsTest@16eb3ea3]" started-at="2024-06-09T09:56:53 IST" name="launchWebsite" finished-at="2024-06-09T09:56:57 IST" duration-ms="3994" status="PASS">
          <reporter-output>
          </reporter-output>
        </test-method> <!-- launchWebsite -->
        <test-method signature="dynamicControls()[pri:0, instance:prashantbhakuni.Test.DynamicControlsTest@16eb3ea3]" started-at="2024-06-09T09:56:57 IST" name="dynamicControls" finished-at="2024-06-09T09:57:10 IST" duration-ms="13024" status="PASS">
          <reporter-output>
          </reporter-output>
        </test-method> <!-- dynamicControls -->
        <test-method is-config="true" signature="tearDown()[pri:0, instance:prashantbhakuni.Test.DynamicControlsTest@16eb3ea3]" started-at="2024-06-09T09:57:10 IST" name="tearDown" finished-at="2024-06-09T09:57:12 IST" duration-ms="1219" status="PASS">
          <reporter-output>
          </reporter-output>
        </test-method> <!-- tearDown -->
      </class> <!-- prashantbhakuni.Test.DynamicControlsTest -->
      <class name="prashantbhakuni.Test.ExitIntentTest">
        <test-method is-config="true" signature="launchWebsite()[pri:0, instance:prashantbhakuni.Test.ExitIntentTest@1a75e76a]" started-at="2024-06-09T09:56:57 IST" name="launchWebsite" finished-at="2024-06-09T09:57:03 IST" duration-ms="5483" status="PASS">
          <reporter-output>
          </reporter-output>
        </test-method> <!-- launchWebsite -->
        <test-method signature="exitIntentTest()[pri:0, instance:prashantbhakuni.Test.ExitIntentTest@1a75e76a]" started-at="2024-06-09T09:57:03 IST" name="exitIntentTest" finished-at="2024-06-09T09:57:04 IST" duration-ms="718" status="FAIL">
          <exception class="java.lang.AssertionError">
            <message>
              <![CDATA[expected [THIS IS A MODAL WINDOW] but found []]]>
            </message>
            <full-stacktrace>
              <![CDATA[java.lang.AssertionError: expected [THIS IS A MODAL WINDOW] but found []
at org.testng.Assert.fail(Assert.java:111)
at org.testng.Assert.failNotEquals(Assert.java:1578)
at org.testng.Assert.assertEqualsImpl(Assert.java:150)
at org.testng.Assert.assertEquals(Assert.java:132)
at org.testng.Assert.assertEquals(Assert.java:656)
at org.testng.Assert.assertEquals(Assert.java:666)
at prashantbhakuni.Test.ExitIntentTest.exitIntentTest(ExitIntentTest.java:16)
at java.base/jdk.internal.reflect.NativeMethodAccessorImpl.invoke0(Native Method)
at java.base/jdk.internal.reflect.NativeMethodAccessorImpl.invoke(NativeMethodAccessorImpl.java:77)
at java.base/jdk.internal.reflect.DelegatingMethodAccessorImpl.invoke(DelegatingMethodAccessorImpl.java:43)
at java.base/java.lang.reflect.Method.invoke(Method.java:568)
at org.testng.internal.invokers.MethodInvocationHelper.invokeMethod(MethodInvocationHelper.java:141)
at org.testng.internal.invokers.TestInvoker.invokeMethod(TestInvoker.java:686)
at org.testng.internal.invokers.TestInvoker.invokeTestMethod(TestInvoker.java:230)
at org.testng.internal.invokers.MethodRunner.runInSequence(MethodRunner.java:63)
at org.testng.internal.invokers.TestInvoker$MethodInvocationAgent.invoke(TestInvoker.java:992)
at org.testng.internal.invokers.TestInvoker.invokeTestMethods(TestInvoker.java:203)
at org.testng.internal.invokers.TestMethodWorker.invokeTestMethods(TestMethodWorker.java:154)
at org.testng.internal.invokers.TestMethodWorker.run(TestMethodWorker.java:134)
at java.base/java.util.concurrent.Executors$RunnableAdapter.call(Executors.java:539)
at java.base/java.util.concurrent.FutureTask.run(FutureTask.java:264)
at org.testng.internal.thread.graph.TestNGFutureTask.run(TestNGFutureTask.java:22)
at java.base/java.util.concurrent.ThreadPoolExecutor.runWorker(ThreadPoolExecutor.java:1136)
at java.base/java.util.concurrent.ThreadPoolExecutor$Worker.run(ThreadPoolExecutor.java:635)
at java.base/java.lang.Thread.run(Thread.java:840)
]]>
            </full-stacktrace>
          </exception> <!-- java.lang.AssertionError -->
          <reporter-output>
          </reporter-output>
        </test-method> <!-- exitIntentTest -->
        <test-method is-config="true" signature="tearDown()[pri:0, instance:prashantbhakuni.Test.ExitIntentTest@1a75e76a]" started-at="2024-06-09T09:57:04 IST" name="tearDown" finished-at="2024-06-09T09:57:05 IST" duration-ms="1206" status="PASS">
          <reporter-output>
          </reporter-output>
        </test-method> <!-- tearDown -->
      </class> <!-- prashantbhakuni.Test.ExitIntentTest -->
      <class name="prashantbhakuni.Test.EntryAdTest">
        <test-method is-config="true" signature="launchWebsite()[pri:0, instance:prashantbhakuni.Test.EntryAdTest@33bc72d1]" started-at="2024-06-09T09:56:57 IST" name="launchWebsite" finished-at="2024-06-09T09:57:03 IST" duration-ms="6057" status="PASS">
          <reporter-output>
          </reporter-output>
        </test-method> <!-- launchWebsite -->
        <test-method signature="entryAd()[pri:0, instance:prashantbhakuni.Test.EntryAdTest@33bc72d1]" started-at="2024-06-09T09:57:03 IST" name="entryAd" finished-at="2024-06-09T09:57:06 IST" duration-ms="2616" status="PASS">
          <reporter-output>
          </reporter-output>
        </test-method> <!-- entryAd -->
        <test-method is-config="true" signature="tearDown()[pri:0, instance:prashantbhakuni.Test.EntryAdTest@33bc72d1]" started-at="2024-06-09T09:57:06 IST" name="tearDown" finished-at="2024-06-09T09:57:08 IST" duration-ms="2794" status="PASS">
          <reporter-output>
          </reporter-output>
        </test-method> <!-- tearDown -->
      </class> <!-- prashantbhakuni.Test.EntryAdTest -->
      <class name="prashantbhakuni.Test.BasicAuthTest">
        <test-method is-config="true" signature="launchWebsite()[pri:0, instance:prashantbhakuni.Test.BasicAuthTest@68c9133c]" started-at="2024-06-09T09:56:41 IST" name="launchWebsite" finished-at="2024-06-09T09:56:46 IST" duration-ms="4469" status="PASS">
          <reporter-output>
          </reporter-output>
        </test-method> <!-- launchWebsite -->
        <test-method signature="basicAuth()[pri:0, instance:prashantbhakuni.Test.BasicAuthTest@68c9133c]" started-at="2024-06-09T09:56:46 IST" name="basicAuth" finished-at="2024-06-09T09:56:46 IST" duration-ms="696" status="PASS">
          <reporter-output>
          </reporter-output>
        </test-method> <!-- basicAuth -->
        <test-method is-config="true" signature="tearDown()[pri:0, instance:prashantbhakuni.Test.BasicAuthTest@68c9133c]" started-at="2024-06-09T09:56:46 IST" name="tearDown" finished-at="2024-06-09T09:56:48 IST" duration-ms="1228" status="PASS">
          <reporter-output>
          </reporter-output>
        </test-method> <!-- tearDown -->
      </class> <!-- prashantbhakuni.Test.BasicAuthTest -->
      <class name="prashantbhakuni.Test.CheckboxesTest">
        <test-method is-config="true" signature="launchWebsite()[pri:0, instance:prashantbhakuni.Test.CheckboxesTest@2cb4893b]" started-at="2024-06-09T09:56:41 IST" name="launchWebsite" finished-at="2024-06-09T09:56:48 IST" duration-ms="6250" status="PASS">
          <reporter-output>
          </reporter-output>
        </test-method> <!-- launchWebsite -->
        <test-method signature="checkboxes()[pri:0, instance:prashantbhakuni.Test.CheckboxesTest@2cb4893b]" started-at="2024-06-09T09:56:48 IST" name="checkboxes" finished-at="2024-06-09T09:56:48 IST" duration-ms="428" status="PASS">
          <reporter-output>
          </reporter-output>
        </test-method> <!-- checkboxes -->
        <test-method is-config="true" signature="tearDown()[pri:0, instance:prashantbhakuni.Test.CheckboxesTest@2cb4893b]" started-at="2024-06-09T09:56:48 IST" name="tearDown" finished-at="2024-06-09T09:56:49 IST" duration-ms="1233" status="PASS">
          <reporter-output>
          </reporter-output>
        </test-method> <!-- tearDown -->
      </class> <!-- prashantbhakuni.Test.CheckboxesTest -->
      <class name="prashantbhakuni.Test.ChallengingDOMTest">
        <test-method is-config="true" signature="launchWebsite()[pri:0, instance:prashantbhakuni.Test.ChallengingDOMTest@5e2c3d18]" started-at="2024-06-09T09:56:41 IST" name="launchWebsite" finished-at="2024-06-09T09:56:48 IST" duration-ms="6374" status="PASS">
          <reporter-output>
          </reporter-output>
        </test-method> <!-- launchWebsite -->
        <test-method signature="challengingDom()[pri:0, instance:prashantbhakuni.Test.ChallengingDOMTest@5e2c3d18]" started-at="2024-06-09T09:56:48 IST" name="challengingDom" finished-at="2024-06-09T09:56:50 IST" duration-ms="2362" status="PASS">
          <reporter-output>
          </reporter-output>
        </test-method> <!-- challengingDom -->
        <test-method is-config="true" signature="tearDown()[pri:0, instance:prashantbhakuni.Test.ChallengingDOMTest@5e2c3d18]" started-at="2024-06-09T09:56:50 IST" name="tearDown" finished-at="2024-06-09T09:56:51 IST" duration-ms="1177" status="PASS">
          <reporter-output>
          </reporter-output>
        </test-method> <!-- tearDown -->
      </class> <!-- prashantbhakuni.Test.ChallengingDOMTest -->
      <class name="prashantbhakuni.Test.BrokenImagesTest">
        <test-method is-config="true" signature="launchWebsite()[pri:0, instance:prashantbhakuni.Test.BrokenImagesTest@7a35b0f5]" started-at="2024-06-09T09:56:41 IST" name="launchWebsite" finished-at="2024-06-09T09:56:48 IST" duration-ms="6413" status="PASS">
          <reporter-output>
          </reporter-output>
        </test-method> <!-- launchWebsite -->
        <test-method signature="brokenImages()[pri:0, instance:prashantbhakuni.Test.BrokenImagesTest@7a35b0f5]" started-at="2024-06-09T09:56:48 IST" name="brokenImages" finished-at="2024-06-09T09:56:48 IST" duration-ms="687" status="PASS">
          <reporter-output>
          </reporter-output>
        </test-method> <!-- brokenImages -->
        <test-method is-config="true" signature="tearDown()[pri:0, instance:prashantbhakuni.Test.BrokenImagesTest@7a35b0f5]" started-at="2024-06-09T09:56:48 IST" name="tearDown" finished-at="2024-06-09T09:56:50 IST" duration-ms="1205" status="PASS">
          <reporter-output>
          </reporter-output>
        </test-method> <!-- tearDown -->
      </class> <!-- prashantbhakuni.Test.BrokenImagesTest -->
      <class name="prashantbhakuni.Test.DisappearingElementsTest">
        <test-method is-config="true" signature="launchWebsite()[pri:0, instance:prashantbhakuni.Test.DisappearingElementsTest@645aa696]" started-at="2024-06-09T09:56:49 IST" name="launchWebsite" finished-at="2024-06-09T09:56:55 IST" duration-ms="5899" status="PASS">
          <reporter-output>
          </reporter-output>
        </test-method> <!-- launchWebsite -->
        <test-method signature="disappearingElementsTest()[pri:0, instance:prashantbhakuni.Test.DisappearingElementsTest@645aa696]" started-at="2024-06-09T09:56:55 IST" name="disappearingElementsTest" finished-at="2024-06-09T09:56:56 IST" duration-ms="946" status="PASS">
          <reporter-output>
          </reporter-output>
        </test-method> <!-- disappearingElementsTest -->
        <test-method is-config="true" signature="tearDown()[pri:0, instance:prashantbhakuni.Test.DisappearingElementsTest@645aa696]" started-at="2024-06-09T09:56:56 IST" name="tearDown" finished-at="2024-06-09T09:56:57 IST" duration-ms="1196" status="PASS">
          <reporter-output>
          </reporter-output>
        </test-method> <!-- tearDown -->
      </class> <!-- prashantbhakuni.Test.DisappearingElementsTest -->
    </test> <!-- Test -->
  </suite> <!-- Suite -->
</testng-results>
